Using pre-set license
Built from '2020.2/staging' branch; Version is '2020.2.5f1 (e2c53f129de5) revision 14861631'; Using compiler version '192528614'; Build Type 'Release'
OS: 'Windows 10 Pro; OS build 19041.1165; Version 2004; 64bit' Language: 'pt' Physical Memory: 8136 MB
BatchMode: 1, IsHumanControllingUs: 0, StartBugReporterOnCrash: 0, Is64bit: 1, IsPro: 0

 COMMAND LINE ARGUMENTS:
E:\UNITY\2020.2.5f1\Editor\Unity.exe
-adb2
-batchMode
-noUpm
-name
AssetImportWorker0
-projectPath
C:/Users/RielGami/Desktop/PI3 - Gabe Rafa/PI3_20210730.V1-1
-logFile
Logs/AssetImportWorker0.log
-srvPort
52600
Successfully changed project path to: C:/Users/RielGami/Desktop/PI3 - Gabe Rafa/PI3_20210730.V1-1
C:/Users/RielGami/Desktop/PI3 - Gabe Rafa/PI3_20210730.V1-1
Using Asset Import Pipeline V2.
Refreshing native plugins compatible for Editor in 23.67 ms, found 0 plugins.
Preloading 0 native plugins for Editor in 0.00 ms.
Initialize engine version: 2020.2.5f1 (e2c53f129de5)
[Subsystems] Discovering subsystems at path E:/UNITY/2020.2.5f1/Editor/Data/Resources/UnitySubsystems
[Subsystems] Discovering subsystems at path C:/Users/RielGami/Desktop/PI3 - Gabe Rafa/PI3_20210730.V1-1/Assets
GfxDevice: creating device client; threaded=0
Direct3D:
    Version:  Direct3D 11.0 [level 11.1]
    Renderer: NVIDIA GeForce GTX 1050 Ti (ID=0x1c82)
    Vendor:   
    VRAM:     4018 MB
    Driver:   27.21.14.6109
Initialize mono
Mono path[0] = 'E:/UNITY/2020.2.5f1/Editor/Data/Managed'
Mono path[1] = 'E:/UNITY/2020.2.5f1/Editor/Data/MonoBleedingEdge/lib/mono/unityjit'
Mono config path = 'E:/UNITY/2020.2.5f1/Editor/Data/MonoBleedingEdge/etc'
Using monoOptions --debugger-agent=transport=dt_socket,embedding=1,server=y,suspend=n,address=127.0.0.1:56828
Begin MonoManager ReloadAssembly
Registering precompiled unity dll's ...
Register platform support module: E:/UNITY/2020.2.5f1/Editor/Data/PlaybackEngines/WebGLSupport/UnityEditor.WebGL.Extensions.dll
Register platform support module: E:/UNITY/2020.2.5f1/Editor/Data/PlaybackEngines/WindowsStandaloneSupport/UnityEditor.WindowsStandalone.Extensions.dll
Registered in 0.001508 seconds.
Native extension for WindowsStandalone target not found
Native extension for WebGL target not found
Refreshing native plugins compatible for Editor in 22.27 ms, found 0 plugins.
Preloading 0 native plugins for Editor in 0.00 ms.
Invoked RoslynAnalysisRunner static constructor.
RoslynAnalysisRunner will not be running.
RoslynAnalysisRunner has terminated.
Mono: successfully reloaded assembly
- Completed reload, in  1.675 seconds
Platform modules already initialized, skipping
Registering precompiled user dll's ...
Registered in 0.000970 seconds.
Begin MonoManager ReloadAssembly
Native extension for WindowsStandalone target not found
Native extension for WebGL target not found
Refreshing native plugins compatible for Editor in 0.20 ms, found 0 plugins.
Preloading 0 native plugins for Editor in 0.00 ms.
Invoked RoslynAnalysisRunner static constructor.
RoslynAnalysisRunner will not be running.
RoslynAnalysisRunner has terminated.
Mono: successfully reloaded assembly
- Completed reload, in  0.782 seconds
Platform modules already initialized, skipping
========================================================================
Worker process is ready to serve import requests
Launched and connected shader compiler UnityShaderCompiler.exe after 0.06 seconds
Refreshing native plugins compatible for Editor in 0.24 ms, found 0 plugins.
Preloading 0 native plugins for Editor in 0.00 ms.
Unloading 1110 Unused Serialized files (Serialized files now loaded: 0)
System memory in use before: 57.1 MB.
System memory in use after: 57.2 MB.

Unloading 10 unused Assets to reduce memory usage. Loaded Objects now: 1551.
Total: 1.744800 ms (FindLiveObjects: 0.281100 ms CreateObjectMapping: 0.088600 ms MarkObjects: 1.298200 ms  DeleteObjects: 0.075000 ms)

========================================================================
Received Prepare
Refreshing native plugins compatible for Editor in 0.88 ms, found 0 plugins.
Preloading 0 native plugins for Editor in 0.00 ms.
Unloading 3 Unused Serialized files (Serialized files now loaded: 0)
System memory in use before: 35.1 MB.
System memory in use after: 35.1 MB.

Unloading 3 unused Assets to reduce memory usage. Loaded Objects now: 1551.
Total: 1.729100 ms (FindLiveObjects: 0.182400 ms CreateObjectMapping: 0.046600 ms MarkObjects: 1.444100 ms  DeleteObjects: 0.054500 ms)

========================================================================
Received Import Request.
  path: Assets/Scenes/Jogolvl2.unity
  artifactKey: Guid(9fc0d4010bbf28b4594072e72b8655ab) Importer(815301076,1909f56bfc062723c751e8b465ee728b)
Start importing Assets/Scenes/Jogolvl2.unity using Guid(9fc0d4010bbf28b4594072e72b8655ab) Importer(815301076,1909f56bfc062723c751e8b465ee728b)  -> (artifact id: '696e8773c32c5517420df97893ff6a0d') in 0.034956 seconds
  Import took 0.036899 seconds .

========================================================================
Received Import Request.
  Time since last request: 180.364512 seconds.
  path: Assets/Images/lixeira metal.fbx
  artifactKey: Guid(626b571aed2c78b4697fbcfb64e739d6) Importer(815301076,1909f56bfc062723c751e8b465ee728b)
Start importing Assets/Images/lixeira metal.fbx using Guid(626b571aed2c78b4697fbcfb64e739d6) Importer(815301076,1909f56bfc062723c751e8b465ee728b)  -> (artifact id: '5c2a5ac1f42f675537f6d5cef33ff6b3') in 0.237173 seconds
  Import took 0.239820 seconds .

========================================================================
Received Import Request.
  Time since last request: 192.890087 seconds.
  path: Assets/Lixeiros/lixeira organico.fbx
  artifactKey: Guid(a135a0650afd2b8419e3859619566051) Importer(815301076,1909f56bfc062723c751e8b465ee728b)
Start importing Assets/Lixeiros/lixeira organico.fbx using Guid(a135a0650afd2b8419e3859619566051) Importer(815301076,1909f56bfc062723c751e8b465ee728b)  -> (artifact id: '23ad1f33430baee2ef3db5433cea6de4') in 0.033452 seconds
  Import took 0.036122 seconds .

========================================================================
Received Import Request.
  Time since last request: 2.111465 seconds.
  path: Assets/Lixeiros/lixeira plastico.fbx
  artifactKey: Guid(b2bb74707aee1914a9d058e43aedcdd0) Importer(815301076,1909f56bfc062723c751e8b465ee728b)
Start importing Assets/Lixeiros/lixeira plastico.fbx using Guid(b2bb74707aee1914a9d058e43aedcdd0) Importer(815301076,1909f56bfc062723c751e8b465ee728b)  -> (artifact id: '5df189fbcac6a3d60b29b8cfef793df8') in 0.043838 seconds
  Import took 0.046447 seconds .

========================================================================
Received Import Request.
  Time since last request: 21.809940 seconds.
  path: Assets/Lixeiros/LixeiroMet.prefab
  artifactKey: Guid(b3f2305b58874094c8f9b4f1a920b7ca) Importer(815301076,1909f56bfc062723c751e8b465ee728b)
Start importing Assets/Lixeiros/LixeiroMet.prefab using Guid(b3f2305b58874094c8f9b4f1a920b7ca) Importer(815301076,1909f56bfc062723c751e8b465ee728b)  -> (artifact id: '0de0b94bd6e67a268143ab5ec053d592') in 0.036229 seconds
  Import took 0.038319 seconds .

========================================================================
Received Import Request.
  Time since last request: 0.003132 seconds.
  path: Assets/Lixeiros/LixeiroMet.prefab
  artifactKey: Guid(b3f2305b58874094c8f9b4f1a920b7ca) Importer(815301076,1909f56bfc062723c751e8b465ee728b)
Start importing Assets/Lixeiros/LixeiroMet.prefab using Guid(b3f2305b58874094c8f9b4f1a920b7ca) Importer(815301076,1909f56bfc062723c751e8b465ee728b)  -> (artifact id: '0de0b94bd6e67a268143ab5ec053d592') in 0.008782 seconds
  Import took 0.010796 seconds .

========================================================================
Received Import Request.
  Time since last request: 606.610623 seconds.
  path: Assets/Images/lixeira papel.fbx
  artifactKey: Guid(b1008384c4c4242418c4c2108865e592) Importer(815301076,1909f56bfc062723c751e8b465ee728b)
Start importing Assets/Images/lixeira papel.fbx using Guid(b1008384c4c4242418c4c2108865e592) Importer(815301076,1909f56bfc062723c751e8b465ee728b)  -> (artifact id: 'f61895d11b1fa9320b8bb44534e02f7a') in 0.042189 seconds
  Import took 0.044580 seconds .

========================================================================
Received Import Request.
  Time since last request: 7.666451 seconds.
  path: Assets/Images/lixeira vidro.fbx
  artifactKey: Guid(0f49117161ec80046ab584a33619d09b) Importer(815301076,1909f56bfc062723c751e8b465ee728b)
Start importing Assets/Images/lixeira vidro.fbx using Guid(0f49117161ec80046ab584a33619d09b) Importer(815301076,1909f56bfc062723c751e8b465ee728b)  -> (artifact id: '510193d72cae9d8599a2c9acd2b74017') in 0.029568 seconds
  Import took 0.031515 seconds .

========================================================================
Received Import Request.
  Time since last request: 13.829753 seconds.
  path: Assets/Images/lixeira metal.fbx
  artifactKey: Guid(626b571aed2c78b4697fbcfb64e739d6) Importer(815301076,1909f56bfc062723c751e8b465ee728b)
Start importing Assets/Images/lixeira metal.fbx using Guid(626b571aed2c78b4697fbcfb64e739d6) Importer(815301076,1909f56bfc062723c751e8b465ee728b)  -> (artifact id: '1124f11df9dc3982c1cc4ad4887ae720') in 0.031076 seconds
  Import took 0.033211 seconds .

========================================================================
Received Import Request.
  Time since last request: 109.647587 seconds.
  path: Assets/Images/lata de refri.png
  artifactKey: Guid(b7f61050a9ae0054d9207ee13252de8b) Importer(815301076,1909f56bfc062723c751e8b465ee728b)
Start importing Assets/Images/lata de refri.png using Guid(b7f61050a9ae0054d9207ee13252de8b) Importer(815301076,1909f56bfc062723c751e8b465ee728b)  -> (artifact id: '6b6281a26687c9bd4a644c92b7aaf8d5') in 0.032660 seconds
  Import took 0.034901 seconds .

========================================================================
Received Import Request.
  Time since last request: 0.075086 seconds.
  path: Assets/Images/lata de refri.png
  artifactKey: Guid(b7f61050a9ae0054d9207ee13252de8b) Importer(815301076,1909f56bfc062723c751e8b465ee728b)
Start importing Assets/Images/lata de refri.png using Guid(b7f61050a9ae0054d9207ee13252de8b) Importer(815301076,1909f56bfc062723c751e8b465ee728b)  -> (artifact id: '6b6281a26687c9bd4a644c92b7aaf8d5') in 0.010740 seconds
  Import took 0.014114 seconds .

========================================================================
Received Import Request.
  Time since last request: 37.334066 seconds.
  path: Assets/Images/lata de refri.png
  artifactKey: Guid(b7f61050a9ae0054d9207ee13252de8b) Importer(815301076,1909f56bfc062723c751e8b465ee728b)
Start importing Assets/Images/lata de refri.png using Guid(b7f61050a9ae0054d9207ee13252de8b) Importer(815301076,1909f56bfc062723c751e8b465ee728b)  -> (artifact id: '5f40f94ad052b816119e2965a131e6a3') in 0.054672 seconds
  Import took 0.056937 seconds .

========================================================================
Received Import Request.
  Time since last request: 30.466336 seconds.
  path: Assets/Images/lixeira plastico.fbx
  artifactKey: Guid(b2bb74707aee1914a9d058e43aedcdd0) Importer(815301076,1909f56bfc062723c751e8b465ee728b)
Start importing Assets/Images/lixeira plastico.fbx using Guid(b2bb74707aee1914a9d058e43aedcdd0) Importer(815301076,1909f56bfc062723c751e8b465ee728b)  -> (artifact id: '00fe09c9141130fbf1569d54d868ce4f') in 0.056258 seconds
  Import took 0.061120 seconds .

========================================================================
Received Import Request.
  Time since last request: 0.000411 seconds.
  path: Assets/Images/lixeira vidro.fbx
  artifactKey: Guid(0f49117161ec80046ab584a33619d09b) Importer(815301076,1909f56bfc062723c751e8b465ee728b)
Start importing Assets/Images/lixeira vidro.fbx using Guid(0f49117161ec80046ab584a33619d09b) Importer(815301076,1909f56bfc062723c751e8b465ee728b)  -> (artifact id: 'a08b1ff7a987e836381127a4ec13154c') in 0.044427 seconds
  Import took 0.046315 seconds .

========================================================================
Received Import Request.
  Time since last request: 0.029513 seconds.
  path: Assets/Images/lixeira vidro.fbx
  artifactKey: Guid(0f49117161ec80046ab584a33619d09b) Importer(815301076,1909f56bfc062723c751e8b465ee728b)
Start importing Assets/Images/lixeira vidro.fbx using Guid(0f49117161ec80046ab584a33619d09b) Importer(815301076,1909f56bfc062723c751e8b465ee728b)  -> (artifact id: 'a08b1ff7a987e836381127a4ec13154c') in 0.038111 seconds
  Import took 0.040334 seconds .

========================================================================
Received Import Request.
  Time since last request: 0.677880 seconds.
  path: Assets/Images/lixeira organico.fbx
  artifactKey: Guid(a135a0650afd2b8419e3859619566051) Importer(815301076,1909f56bfc062723c751e8b465ee728b)
Start importing Assets/Images/lixeira organico.fbx using Guid(a135a0650afd2b8419e3859619566051) Importer(815301076,1909f56bfc062723c751e8b465ee728b)  -> (artifact id: 'fcc010275abee576bdd9579ad4489474') in 0.039052 seconds
  Import took 0.041132 seconds .

========================================================================
Received Import Request.
  Time since last request: 0.000335 seconds.
  path: Assets/Images/lixeira papel.fbx
  artifactKey: Guid(b1008384c4c4242418c4c2108865e592) Importer(815301076,1909f56bfc062723c751e8b465ee728b)
Start importing Assets/Images/lixeira papel.fbx using Guid(b1008384c4c4242418c4c2108865e592) Importer(815301076,1909f56bfc062723c751e8b465ee728b)  -> (artifact id: '96034015dadb5ce556388e405c0d95de') in 0.024719 seconds
  Import took 0.026599 seconds .

========================================================================
Received Import Request.
  Time since last request: 90.306626 seconds.
  path: Assets/Scenes/Creditos.unity
  artifactKey: Guid(f197ce39006c60a4c9fc35970e41f003) Importer(815301076,1909f56bfc062723c751e8b465ee728b)
Start importing Assets/Scenes/Creditos.unity using Guid(f197ce39006c60a4c9fc35970e41f003) Importer(815301076,1909f56bfc062723c751e8b465ee728b)  -> (artifact id: '011d9ba26a15b220f7e0623deb59ada3') in 0.005961 seconds
  Import took 0.008540 seconds .

========================================================================
Received Prepare
Registering precompiled user dll's ...
Registered in 0.000928 seconds.
Begin MonoManager ReloadAssembly
Native extension for WindowsStandalone target not found
Native extension for WebGL target not found
Refreshing native plugins compatible for Editor in 0.20 ms, found 0 plugins.
Preloading 0 native plugins for Editor in 0.00 ms.
Invoked RoslynAnalysisRunner static constructor.
RoslynAnalysisRunner will not be running.
RoslynAnalysisRunner has terminated.
Mono: successfully reloaded assembly
- Completed reload, in  0.743 seconds
Platform modules already initialized, skipping
Switching build target platform(5) subTarget(0) extendedPlatform(0) -> platform(13) subTarget(537395200) extendedPlatform(0)
Refreshing native plugins compatible for Editor in 0.19 ms, found 0 plugins.
Preloading 0 native plugins for Editor in 0.00 ms.
Unloading 1108 Unused Serialized files (Serialized files now loaded: 0)
System memory in use before: 60.7 MB.
System memory in use after: 60.7 MB.

Unloading 6 unused Assets to reduce memory usage. Loaded Objects now: 1600.
Total: 1.493600 ms (FindLiveObjects: 0.152500 ms CreateObjectMapping: 0.056700 ms MarkObjects: 1.227500 ms  DeleteObjects: 0.055800 ms)

AssetImportParameters requested are different than current active one (requested -> active):
  custom:graphics/normal-map-encoding: 01000000000000000000000000000000 -> 02000000000000000000000000000000
========================================================================
Received Import Request.
  Time since last request: 37.052103 seconds.
  path: Assets/Ícones/creditos.png
  artifactKey: Guid(56b589bf9880f1542a0f714adc374e96) Importer(815301076,1909f56bfc062723c751e8b465ee728b)
Start importing Assets/Ícones/creditos.png using Guid(56b589bf9880f1542a0f714adc374e96) Importer(815301076,1909f56bfc062723c751e8b465ee728b)  -> (artifact id: '70b7d1b91cbead029de0c94c907e569c') in 0.053023 seconds
  Import took 0.055175 seconds .

========================================================================
Received Import Request.
  Time since last request: 0.046744 seconds.
  path: Assets/Ícones/creditos.png
  artifactKey: Guid(56b589bf9880f1542a0f714adc374e96) Importer(815301076,1909f56bfc062723c751e8b465ee728b)
Start importing Assets/Ícones/creditos.png using Guid(56b589bf9880f1542a0f714adc374e96) Importer(815301076,1909f56bfc062723c751e8b465ee728b)  -> (artifact id: '70b7d1b91cbead029de0c94c907e569c') in 0.017960 seconds
  Import took 0.021130 seconds .

========================================================================
Received Import Request.
  Time since last request: 5.985401 seconds.
  path: Assets/Scenes/MenuInicial.unity
  artifactKey: Guid(ad77011d850a3f649b409425a702df90) Importer(815301076,1909f56bfc062723c751e8b465ee728b)
Start importing Assets/Scenes/MenuInicial.unity using Guid(ad77011d850a3f649b409425a702df90) Importer(815301076,1909f56bfc062723c751e8b465ee728b)  -> (artifact id: '15e6130b8326fa2d7f4d7cc70b89a7ad') in 0.005376 seconds
  Import took 0.007325 seconds .

========================================================================
Received Prepare
Registering precompiled user dll's ...
Registered in 0.000938 seconds.
Begin MonoManager ReloadAssembly
Native extension for WindowsStandalone target not found
Native extension for WebGL target not found
Refreshing native plugins compatible for Editor in 0.39 ms, found 0 plugins.
Preloading 0 native plugins for Editor in 0.00 ms.
Invoked RoslynAnalysisRunner static constructor.
RoslynAnalysisRunner will not be running.
RoslynAnalysisRunner has terminated.
Mono: successfully reloaded assembly
- Completed reload, in  0.725 seconds
Platform modules already initialized, skipping
Switching build target platform(5) subTarget(0) extendedPlatform(0) -> platform(13) subTarget(537395200) extendedPlatform(0)
Refreshing native plugins compatible for Editor in 0.26 ms, found 0 plugins.
Preloading 0 native plugins for Editor in 0.00 ms.
Unloading 1108 Unused Serialized files (Serialized files now loaded: 0)
System memory in use before: 60.7 MB.
System memory in use after: 60.8 MB.

Unloading 5 unused Assets to reduce memory usage. Loaded Objects now: 1605.
Total: 1.698300 ms (FindLiveObjects: 0.182000 ms CreateObjectMapping: 0.041000 ms MarkObjects: 1.422400 ms  DeleteObjects: 0.052100 ms)

AssetImportParameters requested are different than current active one (requested -> active):
  custom:graphics/normal-map-encoding: 01000000000000000000000000000000 -> 02000000000000000000000000000000
========================================================================
Received Import Request.
  Time since last request: 47.414943 seconds.
  path: Assets/Scenes/Creditos.unity
  artifactKey: Guid(f197ce39006c60a4c9fc35970e41f003) Importer(815301076,1909f56bfc062723c751e8b465ee728b)
Start importing Assets/Scenes/Creditos.unity using Guid(f197ce39006c60a4c9fc35970e41f003) Importer(815301076,1909f56bfc062723c751e8b465ee728b)  -> (artifact id: '69f60467bad0308689a6dd1a62f75fde') in 0.012893 seconds
  Import took 0.015590 seconds .

